C51 COMPILER V9.00   DELAY                                                                 12/07/2021 14:53:22 PAGE 1   


C51 COMPILER V9.00, COMPILATION OF MODULE DELAY
OBJECT MODULE PLACED IN delay.OBJ
COMPILER INVOKED BY: E:\keil\C51\BIN\C51.EXE delay.c BROWSE DEBUG OBJECTEXTEND TABS(2)

line level    source

   1          #include "DELAY.H"
   2          #include "INTRINS.h"
   3          
   4          void Delay10ms()    //@24.000MHz
   5          {
   6   1        unsigned char i, j, k;
   7   1      //    _nop_();
   8   1      //  _nop_();
   9   1        i = 1;       
  10   1        j = 234;
  11   1        k = 113;
  12   1        do
  13   1        {
  14   2          do
  15   2          {
  16   3            while (--k);
  17   3          } while (--j);
  18   2        } while (--i);
  19   1      }
  20          
  21          void Delay500ms()   //@24MHz
  22          {
  23   1        unsigned char i, j, k;
  24   1      //  _nop_();
  25   1      //  _nop_();
  26   1        i = 43;
  27   1        j = 6;
  28   1        k = 203;
  29   1        do
  30   1        {
  31   2          do
  32   2          {
  33   3            while (--k);
  34   3          } while (--j);
  35   2        } while (--i);
  36   1      }


MODULE INFORMATION:   STATIC OVERLAYABLE
   CODE SIZE        =     26    ----
   CONSTANT SIZE    =   ----    ----
   XDATA SIZE       =   ----    ----
   PDATA SIZE       =   ----    ----
   DATA SIZE        =   ----    ----
   IDATA SIZE       =   ----    ----
   BIT SIZE         =   ----    ----
END OF MODULE INFORMATION.


C51 COMPILATION COMPLETE.  0 WARNING(S),  0 ERROR(S)
