C51 COMPILER V9.00   KEYBOARD                                                              12/07/2021 14:53:22 PAGE 1   


C51 COMPILER V9.00, COMPILATION OF MODULE KEYBOARD
OBJECT MODULE PLACED IN keyboard.OBJ
COMPILER INVOKED BY: E:\keil\C51\BIN\C51.EXE keyboard.c BROWSE DEBUG OBJECTEXTEND TABS(2)

line level    source

   1          #include "KEYBOARD.H"
   2          #include "DELAY.H"
   3          #include "8A8K.h"
   4          //#include "lcd1602.h"
   5          
   6          #define keyboard P1
   7          #define pressdtestled P01
   8          /*   ——————————————————
   9               | 0   1   2   3
  10               | 4   5   6   7 
  11             | 8   9   10  11
  12             | 12  13  14  15
  13             ——————————————————
  14          */
  15          /*
  16          P1 矩阵键盘  c1-p1.7   r4-p1.0
  17          keyvalue 为返回按键值
  18          uint 为个位
  19          decade 为十位
  20          pressdtestledtestled press down测试灯
  21          */
  22          
  23          unsigned int Check_Keydown()
  24          {
  25   1        unsigned int KeyValue=0;
  26   1        keyboard=0xf0;
  27   1        if(keyboard!=0xf0)//如果按键按下
  28   1        {
  29   2          Delay10ms();//延时10ms消抖
  30   2          if(keyboard!=0xf0)//按键确实按下
  31   2          { 
  32   3            //判断按键所在列，以所在列的第一行的按键键值赋给KeyValue
  33   3            keyboard=0Xf0;
  34   3            switch(keyboard)
  35   3            {
  36   4              case(0Xe0): KeyValue=12;break; //第一列按下
  37   4              case(0Xd0): KeyValue=13;break; //第二列按下
  38   4              case(0Xb0): KeyValue=14;break; //第三列按下
  39   4              case(0X70): KeyValue=15;break; //第四列按下
  40   4            }
  41   3            //判断按键所在行
  42   3            keyboard=0X0f;
  43   3            Delay10ms();//---------赋值后不能立即判断，可能还没有拉低就进入switch
  44   3            switch(keyboard)
  45   3            {
  46   4              case(0X07): KeyValue-=12;break;  //第一行按下
  47   4              case(0X0b): KeyValue-=8;break;  //第二行按下
  48   4              case(0X0d): KeyValue-=4;break;  //第三行按下
  49   4              case(0X0e): KeyValue-=0;break;  //第四行按下
  50   4              default: KeyValue+=80;
  51   4            }
  52   3            while(keyboard!=0x0f); //按键松手后退出//-------必要！！！
  53   3            return KeyValue;
  54   3          }
  55   2          else  //否则认为是信号干扰导致
C51 COMPILER V9.00   KEYBOARD                                                              12/07/2021 14:53:22 PAGE 2   

  56   2          {
  57   3            return 0;  //认为没有按键按下
  58   3          }
  59   2        }
  60   1        return 0;  //如果没有按键按下返回零
  61   1      }
  62          
  63          void Keyboardmain()
  64          {
  65   1        unsigned int unit=0,decade=0;
  66   1        while(1)
  67   1        {
  68   2          pressdtestled = 0;
  69   2          keyvalue=Check_Keydown(); 
  70   2          if (keyvalue!=0)//按下非零的按键才触发testled
  71   2          {
  72   3            pressdtestled = 1;
  73   3      //    LCD_dischar(0, 0, keyvalue);
  74   3            Delay500ms();
  75   3            break;
  76   3          }
  77   2          unit=keyvalue%10; //个位
  78   2          decade=keyvalue/10; //十位
  79   2        }
  80   1      }


MODULE INFORMATION:   STATIC OVERLAYABLE
   CODE SIZE        =    208    ----
   CONSTANT SIZE    =   ----    ----
   XDATA SIZE       =   ----    ----
   PDATA SIZE       =   ----    ----
   DATA SIZE        =   ----       6
   IDATA SIZE       =   ----    ----
   BIT SIZE         =   ----    ----
END OF MODULE INFORMATION.


C51 COMPILATION COMPLETE.  0 WARNING(S),  0 ERROR(S)
