C51 COMPILER V9.00   SEGDISTRANS                                                           12/07/2021 14:53:22 PAGE 1   


C51 COMPILER V9.00, COMPILATION OF MODULE SEGDISTRANS
OBJECT MODULE PLACED IN segdistrans.OBJ
COMPILER INVOKED BY: E:\keil\C51\BIN\C51.EXE segdistrans.c BROWSE DEBUG OBJECTEXTEND TABS(2)

line level    source

   1          /*
   2          共阳CA：
   3              {0xc0,0xf9,0xa4,0xb0,0x99,0x92,0x82,0xf8,0x80,0x90};
   4          共阴CC：
   5              {0x3f,0x06,0x5b,0x4f,0x66,0x6d,0x7d,0x07,0x7f,0x6f};
   6          */


MODULE INFORMATION:   STATIC OVERLAYABLE
   CODE SIZE        =   ----    ----
   CONSTANT SIZE    =   ----    ----
   XDATA SIZE       =   ----    ----
   PDATA SIZE       =   ----    ----
   DATA SIZE        =   ----    ----
   IDATA SIZE       =   ----    ----
   BIT SIZE         =   ----    ----
END OF MODULE INFORMATION.


C51 COMPILATION COMPLETE.  0 WARNING(S),  0 ERROR(S)
